{
  "RSpec": {
    "coverage": {
      "/home/csvm/Desktop/AskSamantha/app/helpers/application_helper.rb": [
        1,
        null
      ],
      "/home/csvm/Desktop/AskSamantha/app/helpers/foods_helper.rb": [
        1,
        null
      ],
      "/home/csvm/Desktop/AskSamantha/app/helpers/fridges_helper.rb": [
        1,
        null
      ],
      "/home/csvm/Desktop/AskSamantha/app/helpers/ingredients_helper.rb": [
        1,
        null
      ],
      "/home/csvm/Desktop/AskSamantha/app/helpers/recipes_helper.rb": [
        1,
        null
      ],
      "/home/csvm/Desktop/AskSamantha/app/controllers/recipes_controller.rb": [
        1,
        null,
        1,
        10,
        2,
        null,
        10,
        0,
        null,
        10,
        10,
        8,
        null,
        2,
        null,
        null,
        null,
        1,
        4,
        null,
        null,
        1,
        null,
        1,
        10,
        0,
        0,
        0,
        null,
        0,
        null,
        null,
        10,
        0,
        0,
        null,
        null,
        null,
        null,
        null
      ],
      "/home/csvm/Desktop/AskSamantha/app/controllers/application_controller.rb": [
        1,
        null,
        null,
        1,
        null
      ],
      "/home/csvm/Desktop/AskSamantha/app/models/recipe.rb": [
        1,
        1,
        1,
        1,
        null,
        1,
        12,
        11,
        null,
        1,
        null,
        null,
        null,
        1,
        10,
        10,
        null,
        0,
        null,
        null,
        null,
        null
      ],
      "/home/csvm/Desktop/AskSamantha/app/models/ingredient.rb": [
        1,
        1,
        null
      ]
    },
    "timestamp": 1427750523
  },
  "Cucumber Features": {
    "coverage": {
      "/home/csvm/Desktop/AskSamantha/app/models/recipe.rb": [
        1,
        1,
        1,
        1,
        null,
        1,
        21,
        21,
        null,
        0,
        null,
        null,
        null,
        1,
        21,
        15,
        null,
        6,
        null,
        null,
        null,
        null
      ],
      "/home/csvm/Desktop/AskSamantha/app/models/ingredient.rb": [
        1,
        1,
        null
      ],
      "/home/csvm/Desktop/AskSamantha/app/controllers/recipes_controller.rb": [
        1,
        null,
        1,
        21,
        7,
        null,
        21,
        7,
        null,
        21,
        21,
        14,
        null,
        7,
        null,
        null,
        null,
        1,
        4,
        null,
        null,
        1,
        null,
        1,
        21,
        3,
        3,
        2,
        null,
        1,
        null,
        null,
        18,
        2,
        2,
        null,
        null,
        null,
        null,
        null
      ],
      "/home/csvm/Desktop/AskSamantha/app/controllers/application_controller.rb": [
        1,
        null,
        null,
        1,
        null
      ],
      "/home/csvm/Desktop/AskSamantha/app/helpers/application_helper.rb": [
        1,
        null
      ],
      "/home/csvm/Desktop/AskSamantha/app/helpers/foods_helper.rb": [
        1,
        null
      ],
      "/home/csvm/Desktop/AskSamantha/app/helpers/fridges_helper.rb": [
        1,
        null
      ],
      "/home/csvm/Desktop/AskSamantha/app/helpers/ingredients_helper.rb": [
        1,
        null
      ],
      "/home/csvm/Desktop/AskSamantha/app/helpers/recipes_helper.rb": [
        1,
        null
      ]
    },
    "timestamp": 1427750926
  }
}
