{
  "RSpec": {
    "coverage": {
      "/home/csvm/Desktop/AskSamantha/app/models/user.rb": [
        1,
        null,
        null,
        1,
        1,
        null,
        null,
        null,
        1,
        0,
        0,
        0,
        0,
        null,
        null,
        null,
        1,
        0,
        0,
        0,
        null,
        null,
        null
      ],
      "/home/csvm/Desktop/AskSamantha/app/helpers/application_helper.rb": [
        1,
        null
      ],
      "/home/csvm/Desktop/AskSamantha/app/helpers/foods_helper.rb": [
        1,
        null
      ],
      "/home/csvm/Desktop/AskSamantha/app/helpers/fridges_helper.rb": [
        1,
        null
      ],
      "/home/csvm/Desktop/AskSamantha/app/helpers/ingredients_helper.rb": [
        1,
        null
      ],
      "/home/csvm/Desktop/AskSamantha/app/helpers/quantity_specs_helper.rb": [
        1,
        null
      ],
      "/home/csvm/Desktop/AskSamantha/app/helpers/recipes_helper.rb": [
        1,
        null
      ],
      "/home/csvm/Desktop/AskSamantha/app/helpers/reviews_helper.rb": [
        1,
        null
      ],
      "/home/csvm/Desktop/AskSamantha/app/helpers/sessions_helper.rb": [
        1,
        null
      ],
      "/home/csvm/Desktop/AskSamantha/app/controllers/recipes_controller.rb": [
        1,
        null,
        1,
        10,
        2,
        null,
        10,
        0,
        null,
        10,
        0,
        null,
        10,
        10,
        10,
        8,
        null,
        2,
        null,
        10,
        0,
        null,
        null,
        null,
        null,
        1,
        0,
        null,
        null,
        null,
        1,
        0,
        0,
        null,
        null,
        null,
        1,
        2,
        2,
        2,
        2,
        2,
        1,
        1,
        null,
        1,
        1,
        1,
        null,
        null,
        null,
        1,
        4,
        null,
        null,
        null,
        1,
        0,
        null,
        null,
        1,
        3,
        3,
        3,
        3,
        3,
        3,
        3,
        3,
        3,
        1,
        1,
        null,
        2,
        2,
        2,
        1,
        null,
        1,
        null,
        null,
        null,
        null,
        1,
        null,
        null,
        1,
        null,
        3,
        null,
        null,
        1,
        2,
        null,
        null,
        1,
        10,
        10,
        10,
        0,
        0,
        0,
        0,
        null,
        null,
        10,
        0,
        0,
        0,
        0,
        null,
        10,
        0,
        0,
        0,
        0,
        null,
        10,
        0,
        0,
        0,
        null,
        null,
        10,
        null,
        null,
        null,
        1,
        0,
        0,
        0,
        0,
        0,
        null,
        null
      ],
      "/home/csvm/Desktop/AskSamantha/app/controllers/application_controller.rb": [
        1,
        null,
        null,
        1,
        null,
        1,
        null,
        1,
        null,
        1,
        null,
        21,
        null,
        null,
        null
      ],
      "/home/csvm/Desktop/AskSamantha/app/controllers/reviews_controller.rb": [
        1,
        1,
        1,
        2,
        2,
        2,
        2,
        2,
        2,
        1,
        1,
        null,
        1,
        1,
        null,
        null,
        null,
        1,
        0,
        0,
        null,
        null,
        1,
        1,
        2,
        null,
        null
      ],
      "/home/csvm/Desktop/AskSamantha/app/models/recipe.rb": [
        1,
        1,
        1,
        1,
        1,
        1,
        1,
        1,
        1,
        null,
        1,
        0,
        0,
        0,
        0,
        null,
        null,
        null,
        null,
        1,
        28,
        28,
        28,
        0,
        0,
        0,
        0,
        null,
        0,
        null,
        null,
        28,
        5,
        null,
        23,
        null,
        null,
        null,
        1,
        5,
        0,
        0,
        0,
        null,
        null,
        null,
        null,
        null,
        1,
        3,
        3,
        3,
        3,
        3,
        null,
        0,
        null,
        null,
        null,
        null,
        null,
        1,
        10,
        null,
        null,
        1,
        12,
        11,
        0,
        null,
        11,
        null,
        null,
        1,
        null,
        null,
        null,
        1,
        10,
        10,
        null,
        0,
        null,
        null,
        null,
        1,
        2,
        0,
        0,
        0,
        0,
        null,
        0,
        null,
        null,
        null,
        1,
        null,
        1,
        31,
        0,
        null,
        null,
        null,
        1,
        31,
        37,
        null,
        31,
        0,
        null,
        null,
        null,
        null,
        null
      ],
      "/home/csvm/Desktop/AskSamantha/app/models/review.rb": [
        1,
        1,
        1,
        null,
        1,
        0,
        0,
        0,
        0,
        null,
        null,
        null
      ],
      "/home/csvm/Desktop/AskSamantha/app/models/unit.rb": [
        1,
        null,
        null,
        null,
        null,
        null,
        null
      ],
      "/home/csvm/Desktop/AskSamantha/app/models/food.rb": [
        1,
        1,
        null
      ],
      "/home/csvm/Desktop/AskSamantha/app/models/ingredient.rb": [
        1,
        1,
        1,
        1,
        null
      ]
    },
    "timestamp": 1429296700
  },
  "Cucumber Features": {
    "coverage": {
      "/home/csvm/Desktop/AskSamantha/app/models/user.rb": [
        1,
        null,
        null,
        1,
        1,
        null,
        null,
        null,
        1,
        0,
        0,
        0,
        0,
        null,
        null,
        null,
        1,
        25,
        25,
        25,
        null,
        null,
        null
      ],
      "/home/csvm/Desktop/AskSamantha/app/models/food.rb": [
        1,
        1,
        null
      ],
      "/home/csvm/Desktop/AskSamantha/app/models/recipe.rb": [
        1,
        1,
        1,
        1,
        1,
        1,
        1,
        1,
        1,
        null,
        1,
        3,
        3,
        16,
        3,
        null,
        null,
        null,
        null,
        1,
        161,
        161,
        161,
        14,
        14,
        14,
        2,
        null,
        12,
        null,
        null,
        161,
        2,
        null,
        159,
        null,
        null,
        null,
        1,
        10,
        5,
        6,
        5,
        null,
        null,
        null,
        null,
        null,
        1,
        6,
        6,
        11,
        11,
        10,
        null,
        1,
        null,
        null,
        null,
        null,
        null,
        1,
        43,
        null,
        null,
        1,
        43,
        43,
        1,
        null,
        42,
        null,
        null,
        0,
        null,
        null,
        null,
        1,
        43,
        37,
        null,
        6,
        null,
        null,
        null,
        1,
        5,
        5,
        5,
        5,
        1,
        null,
        5,
        null,
        null,
        null,
        1,
        null,
        1,
        96,
        1,
        null,
        null,
        null,
        1,
        96,
        186,
        null,
        96,
        2,
        null,
        null,
        null,
        null,
        null
      ],
      "/home/csvm/Desktop/AskSamantha/app/models/ingredient.rb": [
        1,
        1,
        1,
        1,
        null
      ],
      "/home/csvm/Desktop/AskSamantha/app/controllers/recipes_controller.rb": [
        1,
        null,
        1,
        49,
        8,
        null,
        49,
        8,
        null,
        49,
        5,
        null,
        49,
        49,
        43,
        36,
        null,
        7,
        null,
        43,
        1,
        null,
        null,
        null,
        null,
        1,
        6,
        null,
        null,
        null,
        1,
        1,
        1,
        null,
        null,
        null,
        1,
        4,
        4,
        4,
        4,
        4,
        3,
        3,
        null,
        1,
        1,
        1,
        null,
        null,
        null,
        1,
        27,
        null,
        null,
        null,
        1,
        9,
        null,
        null,
        1,
        6,
        6,
        6,
        6,
        6,
        6,
        6,
        6,
        6,
        5,
        5,
        null,
        1,
        1,
        1,
        0,
        null,
        1,
        null,
        null,
        null,
        null,
        1,
        null,
        null,
        1,
        null,
        6,
        null,
        null,
        1,
        4,
        null,
        null,
        1,
        49,
        49,
        49,
        3,
        3,
        3,
        3,
        null,
        null,
        49,
        3,
        3,
        3,
        3,
        null,
        49,
        1,
        1,
        1,
        1,
        null,
        49,
        6,
        6,
        6,
        null,
        null,
        43,
        null,
        null,
        null,
        1,
        1,
        1,
        1,
        1,
        1,
        null,
        null
      ],
      "/home/csvm/Desktop/AskSamantha/app/controllers/application_controller.rb": [
        1,
        null,
        null,
        1,
        null,
        1,
        null,
        1,
        null,
        1,
        null,
        125,
        null,
        null,
        null
      ],
      "/home/csvm/Desktop/AskSamantha/app/helpers/application_helper.rb": [
        1,
        null
      ],
      "/home/csvm/Desktop/AskSamantha/app/helpers/foods_helper.rb": [
        1,
        null
      ],
      "/home/csvm/Desktop/AskSamantha/app/helpers/fridges_helper.rb": [
        1,
        null
      ],
      "/home/csvm/Desktop/AskSamantha/app/helpers/ingredients_helper.rb": [
        1,
        null
      ],
      "/home/csvm/Desktop/AskSamantha/app/helpers/quantity_specs_helper.rb": [
        1,
        null
      ],
      "/home/csvm/Desktop/AskSamantha/app/helpers/recipes_helper.rb": [
        1,
        null
      ],
      "/home/csvm/Desktop/AskSamantha/app/helpers/reviews_helper.rb": [
        1,
        null
      ],
      "/home/csvm/Desktop/AskSamantha/app/helpers/sessions_helper.rb": [
        1,
        null
      ],
      "/home/csvm/Desktop/AskSamantha/app/models/unit.rb": [
        1,
        null,
        null,
        null,
        null,
        null,
        null
      ],
      "/home/csvm/Desktop/AskSamantha/app/models/review.rb": [
        1,
        1,
        1,
        1,
        null,
        1,
        6,
        6,
        34,
        6,
        null,
        null,
        null
      ],
      "/home/csvm/Desktop/AskSamantha/app/controllers/reviews_controller.rb": [
        1,
        1,
        1,
        5,
        5,
        5,
        5,
        5,
        5,
        5,
        5,
        null,
        0,
        0,
        0,
        null,
        null,
        null,
        1,
        5,
        5,
        null,
        null,
        1,
        1,
        5,
        null,
        null
      ]
    },
    "timestamp": 1429298060
  }
}
